[0.349s] Invoking command in '/home/cgcollins91/testWS/src/tb_control': PYTHONPATH=/home/cgcollins91/testWS/build/tb_control/prefix_override:/usr/lib/python3/dist-packages/colcon_core/task/python/colcon_distutils_commands:/home/cgcollins91/testWS/install/tb_control/lib/python3.8/site-packages:${PYTHONPATH} /usr/bin/python3 -W ignore:setup.py install is deprecated setup.py egg_info --egg-base ../../build/tb_control build --build-base /home/cgcollins91/testWS/build/tb_control/build install --record /home/cgcollins91/testWS/build/tb_control/install.log --single-version-externally-managed install_data
[0.469s] running egg_info
[0.469s] writing ../../build/tb_control/tb_control.egg-info/PKG-INFO
[0.469s] writing dependency_links to ../../build/tb_control/tb_control.egg-info/dependency_links.txt
[0.469s] writing entry points to ../../build/tb_control/tb_control.egg-info/entry_points.txt
[0.469s] writing requirements to ../../build/tb_control/tb_control.egg-info/requires.txt
[0.469s] writing top-level names to ../../build/tb_control/tb_control.egg-info/top_level.txt
[0.485s] reading manifest file '../../build/tb_control/tb_control.egg-info/SOURCES.txt'
[0.486s] writing manifest file '../../build/tb_control/tb_control.egg-info/SOURCES.txt'
[0.486s] running build
[0.486s] running build_py
[0.486s] running install
[0.486s] running install_lib
[0.487s] running install_data
[0.487s] running install_egg_info
[0.488s] removing '/home/cgcollins91/testWS/install/tb_control/lib/python3.8/site-packages/tb_control-0.0.0-py3.8.egg-info' (and everything under it)
[0.488s] Copying ../../build/tb_control/tb_control.egg-info to /home/cgcollins91/testWS/install/tb_control/lib/python3.8/site-packages/tb_control-0.0.0-py3.8.egg-info
[0.488s] running install_scripts
[0.496s] Installing tb_openLoop = tb_control.tb_openLoop:mainpose_subscriber script to /home/cgcollins91/testWS/install/tb_control/lib/tb_control
[0.496s] writing list of installed files to '/home/cgcollins91/testWS/build/tb_control/install.log'
[0.505s] Invoked command in '/home/cgcollins91/testWS/src/tb_control' returned '0': PYTHONPATH=/home/cgcollins91/testWS/build/tb_control/prefix_override:/usr/lib/python3/dist-packages/colcon_core/task/python/colcon_distutils_commands:/home/cgcollins91/testWS/install/tb_control/lib/python3.8/site-packages:${PYTHONPATH} /usr/bin/python3 -W ignore:setup.py install is deprecated setup.py egg_info --egg-base ../../build/tb_control build --build-base /home/cgcollins91/testWS/build/tb_control/build install --record /home/cgcollins91/testWS/build/tb_control/install.log --single-version-externally-managed install_data
