[0.000000] (-) TimerEvent: {}
[0.000334] (tb_control) JobQueued: {'identifier': 'tb_control', 'dependencies': OrderedDict()}
[0.000389] (tb_control) JobStarted: {'identifier': 'tb_control'}
[0.100006] (-) TimerEvent: {}
[0.200291] (-) TimerEvent: {}
[0.300528] (-) TimerEvent: {}
[0.342520] (tb_control) Command: {'cmd': ['/usr/bin/python3', '-W', 'ignore:setup.py install is deprecated', 'setup.py', 'egg_info', '--egg-base', '../build/tb_control', 'build', '--build-base', '/home/cgcollins91/testWS/src/build/tb_control/build', 'install', '--record', '/home/cgcollins91/testWS/src/build/tb_control/install.log', '--single-version-externally-managed', 'install_data'], 'cwd': '/home/cgcollins91/testWS/src/tb_control', 'env': {'GJS_DEBUG_TOPICS': 'JS ERROR;JS LOG', 'USER': 'cgcollins91', 'SSH_AGENT_PID': '1946', 'XDG_SESSION_TYPE': 'x11', 'SHLVL': '1', 'LD_LIBRARY_PATH': '/usr/lib/x86_64-linux-gnu/gazebo-11/plugins:/opt/ros/galactic/opt/yaml_cpp_vendor/lib:/opt/ros/galactic/opt/rviz_ogre_vendor/lib:/opt/ros/galactic/lib/x86_64-linux-gnu:/opt/ros/galactic/lib', 'HOME': '/home/cgcollins91', 'OLDPWD': '/home/cgcollins91/testWS', 'DESKTOP_SESSION': 'ubuntu', 'ROS_PYTHON_VERSION': '3', 'GNOME_SHELL_SESSION_MODE': 'ubuntu', 'GTK_MODULES': 'gail:atk-bridge', 'MANAGERPID': '1290', 'DBUS_SESSION_BUS_ADDRESS': 'unix:path=/run/user/1000/bus', 'COLORTERM': 'truecolor', 'IM_CONFIG_PHASE': '1', 'COLCON_PREFIX_PATH': '/home/cgcollins91/testWS/install', 'ROS_DISTRO': 'galactic', 'LOGNAME': 'cgcollins91', 'JOURNAL_STREAM': '8:51301', '_': '/usr/bin/colcon', 'ROS_VERSION': '2', 'XDG_SESSION_CLASS': 'user', 'USERNAME': 'cgcollins91', 'TERM': 'xterm-256color', 'GAZEBO_MODEL_PATH': ':/opt/ros/galactic/share/turtlebot3_gazebo/models/:/opt/ros/galactic/share/turtlebot3_gazebo/models/', 'GNOME_DESKTOP_SESSION_ID': 'this-is-deprecated', 'ROS_LOCALHOST_ONLY': '0', 'WINDOWPATH': '2', 'PATH': '/opt/ros/galactic/bin:/usr/local/sbin:/usr/local/bin:/usr/sbin:/usr/bin:/sbin:/bin:/usr/games:/usr/local/games:/snap/bin', 'SESSION_MANAGER': 'local/Moose-Compute-Linux:@/tmp/.ICE-unix/2222,unix/Moose-Compute-Linux:/tmp/.ICE-unix/2222', 'INVOCATION_ID': '3c559ca810c04b41b5563a7738e0c833', 'XDG_MENU_PREFIX': 'gnome-', 'GNOME_TERMINAL_SCREEN': '/org/gnome/Terminal/screen/6a36a1bf_aa45_4a2b_a8b2_4f07ad062597', 'XDG_RUNTIME_DIR': '/run/user/1000', 'DISPLAY': ':0', 'LANG': 'en_US.UTF-8', 'XDG_CURRENT_DESKTOP': 'ubuntu:GNOME', 'XMODIFIERS': '@im=ibus', 'XDG_SESSION_DESKTOP': 'ubuntu', 'XAUTHORITY': '/run/user/1000/gdm/Xauthority', 'GNOME_TERMINAL_SERVICE': ':1.1663', 'SSH_AUTH_SOCK': '/run/user/1000/keyring/ssh', 'AMENT_PREFIX_PATH': '/opt/ros/galactic', 'SHELL': '/bin/bash', 'QT_ACCESSIBILITY': '1', 'GDMSESSION': 'ubuntu', 'GPG_AGENT_INFO': '/run/user/1000/gnupg/S.gpg-agent:0:1', 'GJS_DEBUG_OUTPUT': 'stderr', 'QT_IM_MODULE': 'ibus', 'PWD': '/home/cgcollins91/testWS/src/build/tb_control', 'TURTLEBOT3_MODEL': 'burger', 'LC_ALL': 'en_US.UTF-8', 'XDG_CONFIG_DIRS': '/etc/xdg/xdg-ubuntu:/etc/xdg', 'XDG_DATA_DIRS': '/usr/share/ubuntu:/usr/local/share/:/usr/share/:/var/lib/snapd/desktop', 'PYTHONPATH': '/home/cgcollins91/testWS/src/build/tb_control/prefix_override:/usr/lib/python3/dist-packages/colcon_core/task/python/colcon_distutils_commands:/home/cgcollins91/testWS/src/install/tb_control/lib/python3.8/site-packages:/opt/ros/galactic/lib/python3.8/site-packages', 'COLCON': '1', 'VTE_VERSION': '6003'}, 'shell': False}
[0.400634] (-) TimerEvent: {}
[0.467997] (tb_control) StdoutLine: {'line': b'running egg_info\n'}
[0.468186] (tb_control) StdoutLine: {'line': b'creating ../build/tb_control/tb_control.egg-info\n'}
[0.468273] (tb_control) StdoutLine: {'line': b'writing ../build/tb_control/tb_control.egg-info/PKG-INFO\n'}
[0.468398] (tb_control) StdoutLine: {'line': b'writing dependency_links to ../build/tb_control/tb_control.egg-info/dependency_links.txt\n'}
[0.468488] (tb_control) StdoutLine: {'line': b'writing entry points to ../build/tb_control/tb_control.egg-info/entry_points.txt\n'}
[0.468537] (tb_control) StdoutLine: {'line': b'writing requirements to ../build/tb_control/tb_control.egg-info/requires.txt\n'}
[0.468590] (tb_control) StdoutLine: {'line': b'writing top-level names to ../build/tb_control/tb_control.egg-info/top_level.txt\n'}
[0.468988] (tb_control) StdoutLine: {'line': b"writing manifest file '../build/tb_control/tb_control.egg-info/SOURCES.txt'\n"}
[0.484694] (tb_control) StdoutLine: {'line': b"reading manifest file '../build/tb_control/tb_control.egg-info/SOURCES.txt'\n"}
[0.485033] (tb_control) StdoutLine: {'line': b"writing manifest file '../build/tb_control/tb_control.egg-info/SOURCES.txt'\n"}
[0.485170] (tb_control) StdoutLine: {'line': b'running build\n'}
[0.485261] (tb_control) StdoutLine: {'line': b'running build_py\n'}
[0.485316] (tb_control) StdoutLine: {'line': b'creating /home/cgcollins91/testWS/src/build/tb_control/build\n'}
[0.485368] (tb_control) StdoutLine: {'line': b'creating /home/cgcollins91/testWS/src/build/tb_control/build/lib\n'}
[0.485418] (tb_control) StdoutLine: {'line': b'creating /home/cgcollins91/testWS/src/build/tb_control/build/lib/tb_control\n'}
[0.485465] (tb_control) StdoutLine: {'line': b'copying tb_control/tb_openLoop.py -> /home/cgcollins91/testWS/src/build/tb_control/build/lib/tb_control\n'}
[0.485514] (tb_control) StdoutLine: {'line': b'copying tb_control/__init__.py -> /home/cgcollins91/testWS/src/build/tb_control/build/lib/tb_control\n'}
[0.485586] (tb_control) StdoutLine: {'line': b'running install\n'}
[0.485669] (tb_control) StdoutLine: {'line': b'running install_lib\n'}
[0.486074] (tb_control) StdoutLine: {'line': b'creating /home/cgcollins91/testWS/src/install/tb_control/lib/python3.8/site-packages/tb_control\n'}
[0.486143] (tb_control) StdoutLine: {'line': b'copying /home/cgcollins91/testWS/src/build/tb_control/build/lib/tb_control/tb_openLoop.py -> /home/cgcollins91/testWS/src/install/tb_control/lib/python3.8/site-packages/tb_control\n'}
[0.486207] (tb_control) StdoutLine: {'line': b'copying /home/cgcollins91/testWS/src/build/tb_control/build/lib/tb_control/__init__.py -> /home/cgcollins91/testWS/src/install/tb_control/lib/python3.8/site-packages/tb_control\n'}
[0.486376] (tb_control) StdoutLine: {'line': b'byte-compiling /home/cgcollins91/testWS/src/install/tb_control/lib/python3.8/site-packages/tb_control/tb_openLoop.py to tb_openLoop.cpython-38.pyc\n'}
[0.486916] (tb_control) StdoutLine: {'line': b'byte-compiling /home/cgcollins91/testWS/src/install/tb_control/lib/python3.8/site-packages/tb_control/__init__.py to __init__.cpython-38.pyc\n'}
[0.486984] (tb_control) StdoutLine: {'line': b'running install_data\n'}
[0.487049] (tb_control) StdoutLine: {'line': b'creating /home/cgcollins91/testWS/src/install/tb_control/share/ament_index\n'}
[0.487124] (tb_control) StdoutLine: {'line': b'creating /home/cgcollins91/testWS/src/install/tb_control/share/ament_index/resource_index\n'}
[0.487172] (tb_control) StdoutLine: {'line': b'creating /home/cgcollins91/testWS/src/install/tb_control/share/ament_index/resource_index/packages\n'}
[0.487218] (tb_control) StdoutLine: {'line': b'copying resource/tb_control -> /home/cgcollins91/testWS/src/install/tb_control/share/ament_index/resource_index/packages\n'}
[0.487285] (tb_control) StdoutLine: {'line': b'copying package.xml -> /home/cgcollins91/testWS/src/install/tb_control/share/tb_control\n'}
[0.487329] (tb_control) StdoutLine: {'line': b'running install_egg_info\n'}
[0.487941] (tb_control) StdoutLine: {'line': b'Copying ../build/tb_control/tb_control.egg-info to /home/cgcollins91/testWS/src/install/tb_control/lib/python3.8/site-packages/tb_control-0.0.0-py3.8.egg-info\n'}
[0.488348] (tb_control) StdoutLine: {'line': b'running install_scripts\n'}
[0.495925] (tb_control) StdoutLine: {'line': b'Installing tb_openLoop script to /home/cgcollins91/testWS/src/install/tb_control/lib/tb_control\n'}
[0.496073] (tb_control) StdoutLine: {'line': b"writing list of installed files to '/home/cgcollins91/testWS/src/build/tb_control/install.log'\n"}
[0.500705] (-) TimerEvent: {}
[0.504931] (tb_control) CommandEnded: {'returncode': 0}
[0.512739] (tb_control) JobEnded: {'identifier': 'tb_control', 'rc': 0}
[0.513226] (-) EventReactorShutdown: {}
